100.03.20 17:09 B E:\Projects\City Of Moose Jaw\City Extras\FLASH\Walks\fourcorners\armyandnavy.txt --> www.citymoosejaw.com /tourism/attraction/Walks/fourcorners armyandnavy.txt
100.03.20 17:09 B E:\Projects\City Of Moose Jaw\City Extras\FLASH\Walks\fourcorners\bankofns.txt --> www.citymoosejaw.com /tourism/attraction/Walks/fourcorners bankofns.txt
100.03.20 17:09 B E:\Projects\City Of Moose Jaw\City Extras\FLASH\Walks\fourcorners\bellamy.txt --> www.citymoosejaw.com /tourism/attraction/Walks/fourcorners bellamy.txt
100.03.20 17:09 B E:\Projects\City Of Moose Jaw\City Extras\FLASH\Walks\fourcorners\canadatrust.txt --> www.citymoosejaw.com /tourism/attraction/Walks/fourcorners canadatrust.txt
100.03.20 17:09 B E:\Projects\City Of Moose Jaw\City Extras\FLASH\Walks\fourcorners\capitoltheatre.txt --> www.citymoosejaw.com /tourism/attraction/Walks/fourcorners capitoltheatre.txt
100.03.20 17:09 B E:\Projects\City Of Moose Jaw\City Extras\FLASH\Walks\fourcorners\cityhall.txt --> www.citymoosejaw.com /tourism/attraction/Walks/fourcorners cityhall.txt
100.03.20 17:09 B E:\Projects\City Of Moose Jaw\City Extras\FLASH\Walks\fourcorners\citysquare.txt --> www.citymoosejaw.com /tourism/attraction/Walks/fourcorners citysquare.txt
100.03.20 17:09 B E:\Projects\City Of Moose Jaw\City Extras\FLASH\Walks\fourcorners\courthouse.txt --> www.citymoosejaw.com /tourism/attraction/Walks/fourcorners courthouse.txt
100.03.20 17:09 B E:\Projects\City Of Moose Jaw\City Extras\FLASH\Walks\fourcorners\crescentpark.txt --> www.citymoosejaw.com /tourism/attraction/Walks/fourcorners crescentpark.txt
100.03.20 17:09 B E:\Projects\City Of Moose Jaw\City Extras\FLASH\Walks\fourcorners\firestation.txt --> www.citymoosejaw.com /tourism/attraction/Walks/fourcorners firestation.txt
100.03.20 17:09 B E:\Projects\City Of Moose Jaw\City Extras\FLASH\Walks\fourcorners\fourcorners.txt --> www.citymoosejaw.com /tourism/attraction/Walks/fourcorners fourcorners.txt
100.03.20 17:09 B E:\Projects\City Of Moose Jaw\City Extras\FLASH\Walks\fourcorners\hammon.txt --> www.citymoosejaw.com /tourism/attraction/Walks/fourcorners hammon.txt
100.03.20 17:09 B E:\Projects\City Of Moose Jaw\City Extras\FLASH\Walks\fourcorners\harwood.txt --> www.citymoosejaw.com /tourism/attraction/Walks/fourcorners harwood.txt
100.03.20 17:09 B E:\Projects\City Of Moose Jaw\City Extras\FLASH\Walks\fourcorners\landtitles.txt --> www.citymoosejaw.com /tourism/attraction/Walks/fourcorners landtitles.txt
100.03.20 17:09 B E:\Projects\City Of Moose Jaw\City Extras\FLASH\Walks\fourcorners\oldcityhall.txt --> www.citymoosejaw.com /tourism/attraction/Walks/fourcorners oldcityhall.txt
100.03.20 17:10 B E:\Projects\City Of Moose Jaw\City Extras\FLASH\Walks\fourcorners\oldsafeway.txt --> www.citymoosejaw.com /tourism/attraction/Walks/fourcorners oldsafeway.txt
100.03.20 17:10 B E:\Projects\City Of Moose Jaw\City Extras\FLASH\Walks\fourcorners\police.txt --> www.citymoosejaw.com /tourism/attraction/Walks/fourcorners police.txt
100.03.20 17:10 B E:\Projects\City Of Moose Jaw\City Extras\FLASH\Walks\fourcorners\sladebuild.txt --> www.citymoosejaw.com /tourism/attraction/Walks/fourcorners sladebuild.txt
100.03.20 17:10 B E:\Projects\City Of Moose Jaw\City Extras\FLASH\Walks\fourcorners\telephonebuild.txt --> www.citymoosejaw.com /tourism/attraction/Walks/fourcorners telephonebuild.txt
100.03.20 17:10 B E:\Projects\City Of Moose Jaw\City Extras\FLASH\Walks\fourcorners\templegardens.txt --> www.citymoosejaw.com /tourism/attraction/Walks/fourcorners templegardens.txt
100.03.20 17:10 B E:\Projects\City Of Moose Jaw\City Extras\FLASH\Walks\fourcorners\ywca.txt --> www.citymoosejaw.com /tourism/attraction/Walks/fourcorners ywca.txt
