100.03.20 17:10 B E:\Projects\City Of Moose Jaw\City Extras\FLASH\Walks\railway\acehotel.txt --> www.citymoosejaw.com /tourism/attraction/Walks/railway acehotel.txt
100.03.20 17:10 B E:\Projects\City Of Moose Jaw\City Extras\FLASH\Walks\railway\bolesdrugs.txt --> www.citymoosejaw.com /tourism/attraction/Walks/railway bolesdrugs.txt
100.03.20 17:10 B E:\Projects\City Of Moose Jaw\City Extras\FLASH\Walks\railway\brunswick.txt --> www.citymoosejaw.com /tourism/attraction/Walks/railway brunswick.txt
100.03.20 17:10 B E:\Projects\City Of Moose Jaw\City Extras\FLASH\Walks\railway\cibc.txt --> www.citymoosejaw.com /tourism/attraction/Walks/railway cibc.txt
100.03.20 17:10 B E:\Projects\City Of Moose Jaw\City Extras\FLASH\Walks\railway\cityhotel.txt --> www.citymoosejaw.com /tourism/attraction/Walks/railway cityhotel.txt
100.03.20 17:10 B E:\Projects\City Of Moose Jaw\City Extras\FLASH\Walks\railway\cpr.txt --> www.citymoosejaw.com /tourism/attraction/Walks/railway cpr.txt
100.03.20 17:10 B E:\Projects\City Of Moose Jaw\City Extras\FLASH\Walks\railway\crescentpark.txt --> www.citymoosejaw.com /tourism/attraction/Walks/railway crescentpark.txt
100.03.20 17:10 B E:\Projects\City Of Moose Jaw\City Extras\FLASH\Walks\railway\elk.txt --> www.citymoosejaw.com /tourism/attraction/Walks/railway elk.txt
100.03.20 17:10 B E:\Projects\City Of Moose Jaw\City Extras\FLASH\Walks\railway\empress.txt --> www.citymoosejaw.com /tourism/attraction/Walks/railway empress.txt
100.03.20 17:10 B E:\Projects\City Of Moose Jaw\City Extras\FLASH\Walks\railway\evansflorist.txt --> www.citymoosejaw.com /tourism/attraction/Walks/railway evansflorist.txt
100.03.20 17:10 B E:\Projects\City Of Moose Jaw\City Extras\FLASH\Walks\railway\imperialbank.txt --> www.citymoosejaw.com /tourism/attraction/Walks/railway imperialbank.txt
100.03.20 17:10 B E:\Projects\City Of Moose Jaw\City Extras\FLASH\Walks\railway\maplehotel.txt --> www.citymoosejaw.com /tourism/attraction/Walks/railway maplehotel.txt
100.03.20 17:10 B E:\Projects\City Of Moose Jaw\City Extras\FLASH\Walks\railway\parsonage.txt --> www.citymoosejaw.com /tourism/attraction/Walks/railway parsonage.txt
100.03.20 17:10 B E:\Projects\City Of Moose Jaw\City Extras\FLASH\Walks\railway\railwayroute.txt --> www.citymoosejaw.com /tourism/attraction/Walks/railway railwayroute.txt
100.03.20 17:10 B E:\Projects\City Of Moose Jaw\City Extras\FLASH\Walks\railway\royalbank.txt --> www.citymoosejaw.com /tourism/attraction/Walks/railway royalbank.txt
100.03.20 17:10 B E:\Projects\City Of Moose Jaw\City Extras\FLASH\Walks\railway\royalhotel.txt --> www.citymoosejaw.com /tourism/attraction/Walks/railway royalhotel.txt
100.03.20 17:10 B E:\Projects\City Of Moose Jaw\City Extras\FLASH\Walks\railway\russellblock.txt --> www.citymoosejaw.com /tourism/attraction/Walks/railway russellblock.txt
100.03.20 17:10 B E:\Projects\City Of Moose Jaw\City Extras\FLASH\Walks\railway\savoytheatre.txt --> www.citymoosejaw.com /tourism/attraction/Walks/railway savoytheatre.txt
100.03.20 17:10 B E:\Projects\City Of Moose Jaw\City Extras\FLASH\Walks\railway\scottblock.txt --> www.citymoosejaw.com /tourism/attraction/Walks/railway scottblock.txt
100.03.20 17:10 B E:\Projects\City Of Moose Jaw\City Extras\FLASH\Walks\railway\stjohns.txt --> www.citymoosejaw.com /tourism/attraction/Walks/railway stjohns.txt
100.03.20 17:10 B E:\Projects\City Of Moose Jaw\City Extras\FLASH\Walks\railway\stmarks.txt --> www.citymoosejaw.com /tourism/attraction/Walks/railway stmarks.txt
